#
# A fatal error has been detected by the Java Runtime Environment:
#
#  SIGBUS (0xa) at pc=0x000000010fb26e92, pid=11802, tid=0x0000000000009d8b
#
# JRE version: Java(TM) SE Runtime Environment (8.0_92-b14) (build 1.8.0_92-b14)
# Java VM: Java HotSpot(TM) 64-Bit Server VM (25.92-b14 mixed mode bsd-amd64 compressed oops)
# Problematic frame:
# C  [libzip.dylib+0x2e92]  newEntry+0x154
#
# Failed to write core dump. Core dumps have been disabled. To enable core dumping, try "ulimit -c unlimited" before starting Java again
#
# If you would like to submit a bug report, please visit:
#   http://bugreport.java.com/bugreport/crash.jsp
# The crash happened outside the Java Virtual Machine in native code.
# See problematic frame for where to report the bug.
#

---------------  T H R E A D  ---------------

Current thread (0x00007faa2b5f1800):  JavaThread "Daemon worker Thread 35" [_thread_in_native, id=40331, stack(0x000070000cd60000,0x000070000ce60000)]

siginfo: si_signo: 10 (SIGBUS), si_code: 2 (BUS_ADRERR), si_addr: 0x000000012629288e

Registers:
RAX=0x00007faa2a202220, RBX=0x0000000126292882, RCX=0x0000000000000001, RDX=0x0000000000000f00
RSP=0x000070000ce5c740, RBP=0x000070000ce5c7a0, RSI=0x0000000000000800, RDI=0x0000000000000f45
R8 =0x0000000000000048, R9 =0x00007faa2a2f4460, R10=0x00000000fffff800, R11=0x00006ff8617dd3ce
R12=0x00007faa2a2023d0, R13=0x0000000000000010, R14=0x000000005bbd78a2, R15=0x00007faa2a9f9bb0
RIP=0x000000010fb26e92, EFLAGS=0x0000000000010206, ERR=0x0000000000000004
  TRAPNO=0x000000000000000e

Top of Stack: (sp=0x000070000ce5c740)
0x000070000ce5c740:   00007faa2a722580 000000005bbd78a2
0x000070000ce5c750:   000070000ce5c770 0000000110745325
0x000070000ce5c760:   000070000ce5c780 00007faa2a202220
0x000070000ce5c770:   00007faa2a2f4460 00007faa2a202220
0x000070000ce5c780:   00007faa2a2023d0 0000000000000010
0x000070000ce5c790:   000000005bbd78a2 00007faa2a9f9bb0
0x000070000ce5c7a0:   000070000ce5c800 000000010fb2752d
0x000070000ce5c7b0:   000070000ce5c833 000070000ce5c832
0x000070000ce5c7c0:   0000001300000000 00000014015f1800
0x000070000ce5c7d0:   000070000ce5c81e 000070000ce5cc68
0x000070000ce5c7e0:   0000000000000014 000070000ce5c81e
0x000070000ce5c7f0:   00007faa2a202220 00007faa2b5f19f8
0x000070000ce5c800:   000070000ce5cc50 000000010fb26238
0x000070000ce5c810:   000070000ce5c8b0 454d7fff00000001
0x000070000ce5c820:   4d2f464e492d4154 2e54534546494e41
0x000070000ce5c830:   000070000c00464d 0000000000000000
0x000070000ce5c840:   0000000000000000 000000012ac10b50
0x000070000ce5c850:   00007faa2a73a128 00007fff8bcda8a1
0x000070000ce5c860:   00007faa2a73a168 0000000000000000
0x000070000ce5c870:   0000000000000000 000000602b5f1800
0x000070000ce5c880:   0001030000010300 00007faa2a73a100
0x000070000ce5c890:   000070000ce5c8f0 000000011085edbe
0x000070000ce5c8a0:   00007faa2a73a120 00007faa2a73a128
0x000070000ce5c8b0:   0000000000000001 00007faa2b5f1800
0x000070000ce5c8c0:   000070000ce5c8e0 000000011085f073
0x000070000ce5c8d0:   00007faa2a722580 00000000b8595e94
0x000070000ce5c8e0:   000070000ce5c900 0000000110745325
0x000070000ce5c8f0:   000070000ce5c960 00007faa2a7c8e50
0x000070000ce5c900:   000070000ce5c960 000000010fb274b8
0x000070000ce5c910:   000070000ce5c9c5 000070000ce5c9c4
0x000070000ce5c920:   0000004500000000 00000046005f1800
0x000070000ce5c930:   000070000ce5c97e 000070000ce5cdc8 

Instructions: (pc=0x000000010fb26e92)
0x000000010fb26e72:   49 8b 7f 38 e8 5b 1b 00 00 4d 89 77 38 49 89 5f
0x000000010fb26e82:   40 4c 89 f0 48 85 c0 0f 84 11 05 00 00 48 89 c3
0x000000010fb26e92:   0f b6 43 0c 0f b6 4b 0d 48 c1 e1 08 48 01 c1 0f
0x000000010fb26ea2:   b6 43 0e 0f b6 53 0f 48 c1 e2 08 48 01 c2 48 c1 

Register to memory mapping:

RAX=0x00007faa2a202220 is an unknown value
RBX=0x0000000126292882 is an unknown value
RCX=0x0000000000000001 is an unknown value
RDX=0x0000000000000f00 is an unknown value
RSP=0x000070000ce5c740 is pointing into the stack for thread: 0x00007faa2b5f1800
RBP=0x000070000ce5c7a0 is pointing into the stack for thread: 0x00007faa2b5f1800
RSI=0x0000000000000800 is an unknown value
RDI=0x0000000000000f45 is an unknown value
R8 =0x0000000000000048 is an unknown value
R9 =0x00007faa2a2f4460 is an unknown value
R10=0x00000000fffff800 is an unknown value
R11=0x00006ff8617dd3ce is an unknown value
R12=0x00007faa2a2023d0 is an unknown value
R13=0x0000000000000010 is an unknown value
R14=0x000000005bbd78a2 is an unknown value
R15=0x00007faa2a9f9bb0 is an unknown value


Stack: [0x000070000cd60000,0x000070000ce60000],  sp=0x000070000ce5c740,  free space=1009k
Native frames: (J=compiled Java code, j=interpreted, Vv=VM code, C=native code)
C  [libzip.dylib+0x2e92]  newEntry+0x154
C  [libzip.dylib+0x352d]  ZIP_GetEntry2+0xd4
C  [libzip.dylib+0x2238]  Java_java_util_zip_ZipFile_getEntry+0xcf
J 213  java.util.zip.ZipFile.getEntry(J[BZ)J (0 bytes) @ 0x0000000111b9d70e [0x0000000111b9d640+0xce]
J 14939 C2 java.util.jar.JarFile.getEntry(Ljava/lang/String;)Ljava/util/zip/ZipEntry; (22 bytes) @ 0x0000000114484968 [0x00000001144848a0+0xc8]
J 3423 C1 java.util.jar.JarFile.getManEntry()Ljava/util/jar/JarEntry; (83 bytes) @ 0x00000001125f8b9c [0x00000001125f8980+0x21c]
J 17239 C1 java.util.jar.JarFile.checkForSpecialAttributes()V (58 bytes) @ 0x000000011493aaf4 [0x000000011493aa60+0x94]
J 17237 C1 java.util.jar.JavaUtilJarAccessImpl.jarFileHasClassPathAttribute(Ljava/util/jar/JarFile;)Z (5 bytes) @ 0x000000011493a36c [0x000000011493a300+0x6c]
J 11749 C2 sun.misc.URLClassPath.getLoader(I)Lsun/misc/URLClassPath$Loader; (197 bytes) @ 0x0000000113b13c38 [0x0000000113b12220+0x1a18]
J 20794 C2 java.net.URLClassLoader$1.run()Ljava/lang/Class; (63 bytes) @ 0x000000011540a3d0 [0x0000000115409d80+0x650]
J 1815 C2 java.net.URLClassLoader$1.run()Ljava/lang/Object; (5 bytes) @ 0x0000000111b3d814 [0x0000000111b3d7e0+0x34]
v  ~StubRoutines::call_stub
V  [libjvm.dylib+0x2ecc9a]  JavaCalls::call_helper(JavaValue*, methodHandle*, JavaCallArguments*, Thread*)+0x6ae
V  [libjvm.dylib+0x34d430]  JVM_DoPrivileged+0x4b8
J 304  java.security.AccessController.doPrivileged(Ljava/security/PrivilegedExceptionAction;Ljava/security/AccessControlContext;)Ljava/lang/Object; (0 bytes) @ 0x0000000111bdead5 [0x0000000111bdea00+0xd5]
J 1356 C2 java.net.URLClassLoader.findClass(Ljava/lang/String;)Ljava/lang/Class; (47 bytes) @ 0x0000000111e9bd3c [0x0000000111e9bca0+0x9c]
J 1620 C2 java.lang.ClassLoader.loadClass(Ljava/lang/String;Z)Ljava/lang/Class; (122 bytes) @ 0x00000001120d9c30 [0x00000001120d9840+0x3f0]
J 3516 C2 java.lang.ClassLoader.loadClass(Ljava/lang/String;)Ljava/lang/Class; (7 bytes) @ 0x00000001125ce460 [0x00000001125ce420+0x40]
j  java_lang_ClassLoader$loadClass.call(Ljava/lang/Object;[Ljava/lang/Object;)Ljava/lang/Object;+19
J 8406 C1 org.codehaus.groovy.runtime.callsite.AbstractCallSite.call(Ljava/lang/Object;[Ljava/lang/Object;)Ljava/lang/Object; (7 bytes) @ 0x0000000113265e24 [0x0000000113265ca0+0x184]
J 20151 C2 org.codehaus.groovy.runtime.callsite.AbstractCallSite.call(Ljava/lang/Object;Ljava/lang/Object;)Ljava/lang/Object; (37 bytes) @ 0x00000001152f586c [0x00000001152f5620+0x24c]
j  ijinit8_6q5kn0m1kj89nceoocrk63lrc.run()Ljava/lang/Object;+134
j  org.gradle.groovy.scripts.internal.DefaultScriptRunnerFactory$ScriptRunnerImpl.run(Ljava/lang/Object;Lorg/gradle/internal/service/ServiceRegistry;)V+60
j  org.gradle.configuration.DefaultScriptPluginFactory$ScriptPluginImpl$1.run()V+12
j  org.gradle.configuration.DefaultScriptTarget.addConfiguration(Ljava/lang/Runnable;Z)V+1
j  org.gradle.configuration.DefaultScriptPluginFactory$ScriptPluginImpl.apply(Ljava/lang/Object;)V+497
j  org.gradle.configuration.DefaultInitScriptProcessor.process(Lorg/gradle/groovy/scripts/ScriptSource;Lorg/gradle/api/internal/GradleInternal;)V+113
j  org.gradle.initialization.InitScriptHandler$1.run()V+50
J 14721 C2 org.gradle.internal.Factories$1.create()Ljava/lang/Object; (11 bytes) @ 0x00000001143405a8 [0x0000000114340560+0x48]
j  org.gradle.internal.progress.DefaultBuildOperationExecutor.run(Lorg/gradle/internal/progress/BuildOperationDetails;Lorg/gradle/internal/Factory;)Ljava/lang/Object;+171
j  org.gradle.internal.progress.DefaultBuildOperationExecutor.run(Lorg/gradle/internal/progress/BuildOperationDetails;Ljava/lang/Runnable;)V+6
j  org.gradle.initialization.InitScriptHandler.executeScripts(Lorg/gradle/api/internal/GradleInternal;)V+49
j  org.gradle.initialization.DefaultGradleLauncher.doBuildStages(Lorg/gradle/initialization/DefaultGradleLauncher$Stage;)V+8
j  org.gradle.initialization.DefaultGradleLauncher.access$200(Lorg/gradle/initialization/DefaultGradleLauncher;Lorg/gradle/initialization/DefaultGradleLauncher$Stage;)V+2
j  org.gradle.initialization.DefaultGradleLauncher$1.create()Lorg/gradle/BuildResult;+29
j  org.gradle.initialization.DefaultGradleLauncher$1.create()Ljava/lang/Object;+1
j  org.gradle.internal.progress.DefaultBuildOperationExecutor.run(Lorg/gradle/internal/progress/BuildOperationDetails;Lorg/gradle/internal/Factory;)Ljava/lang/Object;+171
j  org.gradle.internal.progress.DefaultBuildOperationExecutor.run(Ljava/lang/String;Lorg/gradle/internal/Factory;)Ljava/lang/Object;+9
j  org.gradle.initialization.DefaultGradleLauncher.doBuild(Lorg/gradle/initialization/DefaultGradleLauncher$Stage;)Lorg/gradle/BuildResult;+25
j  org.gradle.initialization.DefaultGradleLauncher.getBuildAnalysis()Lorg/gradle/BuildResult;+4
j  org.gradle.launcher.exec.InProcessBuildActionExecuter$DefaultBuildController.configure()Lorg/gradle/api/internal/GradleInternal;+4
j  org.gradle.tooling.internal.provider.runner.ClientProvidedBuildActionRunner.run(Lorg/gradle/internal/invocation/BuildAction;Lorg/gradle/internal/invocation/BuildController;)V+56
j  org.gradle.launcher.exec.ChainingBuildActionRunner.run(Lorg/gradle/internal/invocation/BuildAction;Lorg/gradle/internal/invocation/BuildController;)V+34
j  org.gradle.tooling.internal.provider.runner.SubscribableBuildActionRunner.run(Lorg/gradle/internal/invocation/BuildAction;Lorg/gradle/internal/invocation/BuildController;)V+37
j  org.gradle.launcher.exec.ChainingBuildActionRunner.run(Lorg/gradle/internal/invocation/BuildAction;Lorg/gradle/internal/invocation/BuildController;)V+34
j  org.gradle.launcher.exec.InProcessBuildActionExecuter.execute(Lorg/gradle/internal/invocation/BuildAction;Lorg/gradle/initialization/BuildRequestContext;Lorg/gradle/launcher/exec/BuildActionParameters;Lorg/gradle/internal/service/ServiceRegistry;)Ljava/lang/Object;+63
j  org.gradle.launcher.exec.InProcessBuildActionExecuter.execute(Lorg/gradle/internal/invocation/BuildAction;Lorg/gradle/initialization/BuildRequestContext;Ljava/lang/Object;Lorg/gradle/internal/service/ServiceRegistry;)Ljava/lang/Object;+9
j  org.gradle.launcher.exec.ContinuousBuildActionExecuter.execute(Lorg/gradle/internal/invocation/BuildAction;Lorg/gradle/initialization/BuildRequestContext;Lorg/gradle/launcher/exec/BuildActionParameters;Lorg/gradle/internal/service/ServiceRegistry;)Ljava/lang/Object;+70
j  org.gradle.launcher.exec.ContinuousBuildActionExecuter.execute(Lorg/gradle/internal/invocation/BuildAction;Lorg/gradle/initialization/BuildRequestContext;Ljava/lang/Object;Lorg/gradle/internal/service/ServiceRegistry;)Ljava/lang/Object;+9
j  org.gradle.launcher.daemon.server.exec.ExecuteBuild.doBuild(Lorg/gradle/launcher/daemon/server/api/DaemonCommandExecution;Lorg/gradle/launcher/daemon/protocol/Build;)V+74
j  org.gradle.launcher.daemon.server.exec.BuildCommandOnly.execute(Lorg/gradle/launcher/daemon/server/api/DaemonCommandExecution;)V+49
J 18814 C1 org.gradle.launcher.daemon.server.api.DaemonCommandExecution.proceed()Z (35 bytes) @ 0x0000000114dfb37c [0x0000000114dfafc0+0x3bc]
j  org.gradle.launcher.daemon.server.exec.WatchForDisconnection.execute(Lorg/gradle/launcher/daemon/server/api/DaemonCommandExecution;)V+19
J 18814 C1 org.gradle.launcher.daemon.server.api.DaemonCommandExecution.proceed()Z (35 bytes) @ 0x0000000114dfb37c [0x0000000114dfafc0+0x3bc]
j  org.gradle.launcher.daemon.server.exec.ResetDeprecationLogger.execute(Lorg/gradle/launcher/daemon/server/api/DaemonCommandExecution;)V+4
J 18814 C1 org.gradle.launcher.daemon.server.api.DaemonCommandExecution.proceed()Z (35 bytes) @ 0x0000000114dfb37c [0x0000000114dfafc0+0x3bc]
j  org.gradle.launcher.daemon.server.exec.RequestStopIfSingleUsedDaemon.execute(Lorg/gradle/launcher/daemon/server/api/DaemonCommandExecution;)V+31
J 18814 C1 org.gradle.launcher.daemon.server.api.DaemonCommandExecution.proceed()Z (35 bytes) @ 0x0000000114dfb37c [0x0000000114dfafc0+0x3bc]
j  org.gradle.launcher.daemon.server.exec.ForwardClientInput$2.call()Ljava/lang/Void;+4
j  org.gradle.launcher.daemon.server.exec.ForwardClientInput$2.call()Ljava/lang/Object;+1
j  org.gradle.util.Swapper.swap(Ljava/lang/Object;Ljava/util/concurrent/Callable;)Ljava/lang/Object;+21
j  org.gradle.launcher.daemon.server.exec.ForwardClientInput.execute(Lorg/gradle/launcher/daemon/server/api/DaemonCommandExecution;)V+63
J 18814 C1 org.gradle.launcher.daemon.server.api.DaemonCommandExecution.proceed()Z (35 bytes) @ 0x0000000114dfb37c [0x0000000114dfafc0+0x3bc]
j  org.gradle.launcher.daemon.server.health.DaemonHealthTracker.execute(Lorg/gradle/launcher/daemon/server/api/DaemonCommandExecution;)V+35
J 18814 C1 org.gradle.launcher.daemon.server.api.DaemonCommandExecution.proceed()Z (35 bytes) @ 0x0000000114dfb37c [0x0000000114dfafc0+0x3bc]
j  org.gradle.launcher.daemon.server.exec.LogToClient.doBuild(Lorg/gradle/launcher/daemon/server/api/DaemonCommandExecution;Lorg/gradle/launcher/daemon/protocol/Build;)V+97
j  org.gradle.launcher.daemon.server.exec.BuildCommandOnly.execute(Lorg/gradle/launcher/daemon/server/api/DaemonCommandExecution;)V+49
J 18814 C1 org.gradle.launcher.daemon.server.api.DaemonCommandExecution.proceed()Z (35 bytes) @ 0x0000000114dfb37c [0x0000000114dfafc0+0x3bc]
j  org.gradle.launcher.daemon.server.exec.EstablishBuildEnvironment.doBuild(Lorg/gradle/launcher/daemon/server/api/DaemonCommandExecution;Lorg/gradle/launcher/daemon/protocol/Build;)V+279
j  org.gradle.launcher.daemon.server.exec.BuildCommandOnly.execute(Lorg/gradle/launcher/daemon/server/api/DaemonCommandExecution;)V+49
J 18814 C1 org.gradle.launcher.daemon.server.api.DaemonCommandExecution.proceed()Z (35 bytes) @ 0x0000000114dfb37c [0x0000000114dfafc0+0x3bc]
j  org.gradle.launcher.daemon.server.health.HintGCAfterBuild.execute(Lorg/gradle/launcher/daemon/server/api/DaemonCommandExecution;)V+1
J 18814 C1 org.gradle.launcher.daemon.server.api.DaemonCommandExecution.proceed()Z (35 bytes) @ 0x0000000114dfb37c [0x0000000114dfafc0+0x3bc]
j  org.gradle.launcher.daemon.server.exec.StartBuildOrRespondWithBusy$1.run()V+44
j  org.gradle.launcher.daemon.server.DaemonStateCoordinator$1.run()V+4
J 17317 C1 org.gradle.internal.concurrent.ExecutorPolicy$CatchAndRecordFailures.onExecute(Ljava/lang/Runnable;)V (45 bytes) @ 0x000000011498821c [0x0000000114988100+0x11c]
J 16671 C1 org.gradle.internal.concurrent.StoppableExecutorImpl$1.run()V (59 bytes) @ 0x00000001147a66ec [0x00000001147a62c0+0x42c]
J 16157 C1 java.util.concurrent.ThreadPoolExecutor.runWorker(Ljava/util/concurrent/ThreadPoolExecutor$Worker;)V (225 bytes) @ 0x000000011463750c [0x0000000114636540+0xfcc]
J 17297 C1 java.util.concurrent.ThreadPoolExecutor$Worker.run()V (9 bytes) @ 0x000000011495cf84 [0x000000011495ce80+0x104]
J 15317 C1 java.lang.Thread.run()V (17 bytes) @ 0x00000001126d2544 [0x00000001126d2400+0x144]
v  ~StubRoutines::call_stub
V  [libjvm.dylib+0x2ecc9a]  JavaCalls::call_helper(JavaValue*, methodHandle*, JavaCallArguments*, Thread*)+0x6ae
V  [libjvm.dylib+0x2ed428]  JavaCalls::call_virtual(JavaValue*, KlassHandle, Symbol*, Symbol*, JavaCallArguments*, Thread*)+0x164
V  [libjvm.dylib+0x2ed5d4]  JavaCalls::call_virtual(JavaValue*, Handle, KlassHandle, Symbol*, Symbol*, Thread*)+0x4a
V  [libjvm.dylib+0x347dbd]  thread_entry(JavaThread*, Thread*)+0x7c
V  [libjvm.dylib+0x564c57]  JavaThread::thread_main_inner()+0x9b
V  [libjvm.dylib+0x566344]  JavaThread::run()+0x1c2
V  [libjvm.dylib+0x485bbe]  java_start(Thread*)+0xf6
C  [libsystem_pthread.dylib+0x3abb]  _pthread_body+0xb4
C  [libsystem_pthread.dylib+0x3a07]  _pthread_body+0x0
C  [libsystem_pthread.dylib+0x3231]  thread_start+0xd
C  0x0000000000000000

Java frames: (J=compiled Java code, j=interpreted, Vv=VM code)
J 213  java.util.zip.ZipFile.getEntry(J[BZ)J (0 bytes) @ 0x0000000111b9d698 [0x0000000111b9d640+0x58]
J 14939 C2 java.util.jar.JarFile.getEntry(Ljava/lang/String;)Ljava/util/zip/ZipEntry; (22 bytes) @ 0x0000000114484968 [0x00000001144848a0+0xc8]
J 3423 C1 java.util.jar.JarFile.getManEntry()Ljava/util/jar/JarEntry; (83 bytes) @ 0x00000001125f8b9c [0x00000001125f8980+0x21c]
J 17239 C1 java.util.jar.JarFile.checkForSpecialAttributes()V (58 bytes) @ 0x000000011493aaf4 [0x000000011493aa60+0x94]
J 17237 C1 java.util.jar.JavaUtilJarAccessImpl.jarFileHasClassPathAttribute(Ljava/util/jar/JarFile;)Z (5 bytes) @ 0x000000011493a36c [0x000000011493a300+0x6c]
J 11749 C2 sun.misc.URLClassPath.getLoader(I)Lsun/misc/URLClassPath$Loader; (197 bytes) @ 0x0000000113b13c38 [0x0000000113b12220+0x1a18]
J 20794 C2 java.net.URLClassLoader$1.run()Ljava/lang/Class; (63 bytes) @ 0x000000011540a3d0 [0x0000000115409d80+0x650]
J 1815 C2 java.net.URLClassLoader$1.run()Ljava/lang/Object; (5 bytes) @ 0x0000000111b3d814 [0x0000000111b3d7e0+0x34]
v  ~StubRoutines::call_stub
J 304  java.security.AccessController.doPrivileged(Ljava/security/PrivilegedExceptionAction;Ljava/security/AccessControlContext;)Ljava/lang/Object; (0 bytes) @ 0x0000000111bdea63 [0x0000000111bdea00+0x63]
J 1356 C2 java.net.URLClassLoader.findClass(Ljava/lang/String;)Ljava/lang/Class; (47 bytes) @ 0x0000000111e9bd3c [0x0000000111e9bca0+0x9c]
J 1620 C2 java.lang.ClassLoader.loadClass(Ljava/lang/String;Z)Ljava/lang/Class; (122 bytes) @ 0x00000001120d9c30 [0x00000001120d9840+0x3f0]
J 3516 C2 java.lang.ClassLoader.loadClass(Ljava/lang/String;)Ljava/lang/Class; (7 bytes) @ 0x00000001125ce460 [0x00000001125ce420+0x40]
j  java_lang_ClassLoader$loadClass.call(Ljava/lang/Object;[Ljava/lang/Object;)Ljava/lang/Object;+19
J 8406 C1 org.codehaus.groovy.runtime.callsite.AbstractCallSite.call(Ljava/lang/Object;[Ljava/lang/Object;)Ljava/lang/Object; (7 bytes) @ 0x0000000113265e24 [0x0000000113265ca0+0x184]
J 20151 C2 org.codehaus.groovy.runtime.callsite.AbstractCallSite.call(Ljava/lang/Object;Ljava/lang/Object;)Ljava/lang/Object; (37 bytes) @ 0x00000001152f586c [0x00000001152f5620+0x24c]
j  ijinit8_6q5kn0m1kj89nceoocrk63lrc.run()Ljava/lang/Object;+134
j  org.gradle.groovy.scripts.internal.DefaultScriptRunnerFactory$ScriptRunnerImpl.run(Ljava/lang/Object;Lorg/gradle/internal/service/ServiceRegistry;)V+60
j  org.gradle.configuration.DefaultScriptPluginFactory$ScriptPluginImpl$1.run()V+12
j  org.gradle.configuration.DefaultScriptTarget.addConfiguration(Ljava/lang/Runnable;Z)V+1
j  org.gradle.configuration.DefaultScriptPluginFactory$ScriptPluginImpl.apply(Ljava/lang/Object;)V+497
j  org.gradle.configuration.DefaultInitScriptProcessor.process(Lorg/gradle/groovy/scripts/ScriptSource;Lorg/gradle/api/internal/GradleInternal;)V+113
j  org.gradle.initialization.InitScriptHandler$1.run()V+50
J 14721 C2 org.gradle.internal.Factories$1.create()Ljava/lang/Object; (11 bytes) @ 0x00000001143405a8 [0x0000000114340560+0x48]
j  org.gradle.internal.progress.DefaultBuildOperationExecutor.run(Lorg/gradle/internal/progress/BuildOperationDetails;Lorg/gradle/internal/Factory;)Ljava/lang/Object;+171
j  org.gradle.internal.progress.DefaultBuildOperationExecutor.run(Lorg/gradle/internal/progress/BuildOperationDetails;Ljava/lang/Runnable;)V+6
j  org.gradle.initialization.InitScriptHandler.executeScripts(Lorg/gradle/api/internal/GradleInternal;)V+49
j  org.gradle.initialization.DefaultGradleLauncher.doBuildStages(Lorg/gradle/initialization/DefaultGradleLauncher$Stage;)V+8
j  org.gradle.initialization.DefaultGradleLauncher.access$200(Lorg/gradle/initialization/DefaultGradleLauncher;Lorg/gradle/initialization/DefaultGradleLauncher$Stage;)V+2
j  org.gradle.initialization.DefaultGradleLauncher$1.create()Lorg/gradle/BuildResult;+29
j  org.gradle.initialization.DefaultGradleLauncher$1.create()Ljava/lang/Object;+1
j  org.gradle.internal.progress.DefaultBuildOperationExecutor.run(Lorg/gradle/internal/progress/BuildOperationDetails;Lorg/gradle/internal/Factory;)Ljava/lang/Object;+171
j  org.gradle.internal.progress.DefaultBuildOperationExecutor.run(Ljava/lang/String;Lorg/gradle/internal/Factory;)Ljava/lang/Object;+9
j  org.gradle.initialization.DefaultGradleLauncher.doBuild(Lorg/gradle/initialization/DefaultGradleLauncher$Stage;)Lorg/gradle/BuildResult;+25
j  org.gradle.initialization.DefaultGradleLauncher.getBuildAnalysis()Lorg/gradle/BuildResult;+4
j  org.gradle.launcher.exec.InProcessBuildActionExecuter$DefaultBuildController.configure()Lorg/gradle/api/internal/GradleInternal;+4
j  org.gradle.tooling.internal.provider.runner.ClientProvidedBuildActionRunner.run(Lorg/gradle/internal/invocation/BuildAction;Lorg/gradle/internal/invocation/BuildController;)V+56
j  org.gradle.launcher.exec.ChainingBuildActionRunner.run(Lorg/gradle/internal/invocation/BuildAction;Lorg/gradle/internal/invocation/BuildController;)V+34
j  org.gradle.tooling.internal.provider.runner.SubscribableBuildActionRunner.run(Lorg/gradle/internal/invocation/BuildAction;Lorg/gradle/internal/invocation/BuildController;)V+37
j  org.gradle.launcher.exec.ChainingBuildActionRunner.run(Lorg/gradle/internal/invocation/BuildAction;Lorg/gradle/internal/invocation/BuildController;)V+34
j  org.gradle.launcher.exec.InProcessBuildActionExecuter.execute(Lorg/gradle/internal/invocation/BuildAction;Lorg/gradle/initialization/BuildRequestContext;Lorg/gradle/launcher/exec/BuildActionParameters;Lorg/gradle/internal/service/ServiceRegistry;)Ljava/lang/Object;+63
j  org.gradle.launcher.exec.InProcessBuildActionExecuter.execute(Lorg/gradle/internal/invocation/BuildAction;Lorg/gradle/initialization/BuildRequestContext;Ljava/lang/Object;Lorg/gradle/internal/service/ServiceRegistry;)Ljava/lang/Object;+9
j  org.gradle.launcher.exec.ContinuousBuildActionExecuter.execute(Lorg/gradle/internal/invocation/BuildAction;Lorg/gradle/initialization/BuildRequestContext;Lorg/gradle/launcher/exec/BuildActionParameters;Lorg/gradle/internal/service/ServiceRegistry;)Ljava/lang/Object;+70
j  org.gradle.launcher.exec.ContinuousBuildActionExecuter.execute(Lorg/gradle/internal/invocation/BuildAction;Lorg/gradle/initialization/BuildRequestContext;Ljava/lang/Object;Lorg/gradle/internal/service/ServiceRegistry;)Ljava/lang/Object;+9
j  org.gradle.launcher.daemon.server.exec.ExecuteBuild.doBuild(Lorg/gradle/launcher/daemon/server/api/DaemonCommandExecution;Lorg/gradle/launcher/daemon/protocol/Build;)V+74
j  org.gradle.launcher.daemon.server.exec.BuildCommandOnly.execute(Lorg/gradle/launcher/daemon/server/api/DaemonCommandExecution;)V+49
J 18814 C1 org.gradle.launcher.daemon.server.api.DaemonCommandExecution.proceed()Z (35 bytes) @ 0x0000000114dfb37c [0x0000000114dfafc0+0x3bc]
j  org.gradle.launcher.daemon.server.exec.WatchForDisconnection.execute(Lorg/gradle/launcher/daemon/server/api/DaemonCommandExecution;)V+19
J 18814 C1 org.gradle.launcher.daemon.server.api.DaemonCommandExecution.proceed()Z (35 bytes) @ 0x0000000114dfb37c [0x0000000114dfafc0+0x3bc]
j  org.gradle.launcher.daemon.server.exec.ResetDeprecationLogger.execute(Lorg/gradle/launcher/daemon/server/api/DaemonCommandExecution;)V+4
J 18814 C1 org.gradle.launcher.daemon.server.api.DaemonCommandExecution.proceed()Z (35 bytes) @ 0x0000000114dfb37c [0x0000000114dfafc0+0x3bc]
j  org.gradle.launcher.daemon.server.exec.RequestStopIfSingleUsedDaemon.execute(Lorg/gradle/launcher/daemon/server/api/DaemonCommandExecution;)V+31
J 18814 C1 org.gradle.launcher.daemon.server.api.DaemonCommandExecution.proceed()Z (35 bytes) @ 0x0000000114dfb37c [0x0000000114dfafc0+0x3bc]
j  org.gradle.launcher.daemon.server.exec.ForwardClientInput$2.call()Ljava/lang/Void;+4
j  org.gradle.launcher.daemon.server.exec.ForwardClientInput$2.call()Ljava/lang/Object;+1
j  org.gradle.util.Swapper.swap(Ljava/lang/Object;Ljava/util/concurrent/Callable;)Ljava/lang/Object;+21
j  org.gradle.launcher.daemon.server.exec.ForwardClientInput.execute(Lorg/gradle/launcher/daemon/server/api/DaemonCommandExecution;)V+63
J 18814 C1 org.gradle.launcher.daemon.server.api.DaemonCommandExecution.proceed()Z (35 bytes) @ 0x0000000114dfb37c [0x0000000114dfafc0+0x3bc]
j  org.gradle.launcher.daemon.server.health.DaemonHealthTracker.execute(Lorg/gradle/launcher/daemon/server/api/DaemonCommandExecution;)V+35
J 18814 C1 org.gradle.launcher.daemon.server.api.DaemonCommandExecution.proceed()Z (35 bytes) @ 0x0000000114dfb37c [0x0000000114dfafc0+0x3bc]
j  org.gradle.launcher.daemon.server.exec.LogToClient.doBuild(Lorg/gradle/launcher/daemon/server/api/DaemonCommandExecution;Lorg/gradle/launcher/daemon/protocol/Build;)V+97
j  org.gradle.launcher.daemon.server.exec.BuildCommandOnly.execute(Lorg/gradle/launcher/daemon/server/api/DaemonCommandExecution;)V+49
J 18814 C1 org.gradle.launcher.daemon.server.api.DaemonCommandExecution.proceed()Z (35 bytes) @ 0x0000000114dfb37c [0x0000000114dfafc0+0x3bc]
j  org.gradle.launcher.daemon.server.exec.EstablishBuildEnvironment.doBuild(Lorg/gradle/launcher/daemon/server/api/DaemonCommandExecution;Lorg/gradle/launcher/daemon/protocol/Build;)V+279
j  org.gradle.launcher.daemon.server.exec.BuildCommandOnly.execute(Lorg/gradle/launcher/daemon/server/api/DaemonCommandExecution;)V+49
J 18814 C1 org.gradle.launcher.daemon.server.api.DaemonCommandExecution.proceed()Z (35 bytes) @ 0x0000000114dfb37c [0x0000000114dfafc0+0x3bc]
j  org.gradle.launcher.daemon.server.health.HintGCAfterBuild.execute(Lorg/gradle/launcher/daemon/server/api/DaemonCommandExecution;)V+1
J 18814 C1 org.gradle.launcher.daemon.server.api.DaemonCommandExecution.proceed()Z (35 bytes) @ 0x0000000114dfb37c [0x0000000114dfafc0+0x3bc]
j  org.gradle.launcher.daemon.server.exec.StartBuildOrRespondWithBusy$1.run()V+44
j  org.gradle.launcher.daemon.server.DaemonStateCoordinator$1.run()V+4
J 17317 C1 org.gradle.internal.concurrent.ExecutorPolicy$CatchAndRecordFailures.onExecute(Ljava/lang/Runnable;)V (45 bytes) @ 0x000000011498821c [0x0000000114988100+0x11c]
J 16671 C1 org.gradle.internal.concurrent.StoppableExecutorImpl$1.run()V (59 bytes) @ 0x00000001147a66ec [0x00000001147a62c0+0x42c]
J 16157 C1 java.util.concurrent.ThreadPoolExecutor.runWorker(Ljava/util/concurrent/ThreadPoolExecutor$Worker;)V (225 bytes) @ 0x000000011463750c [0x0000000114636540+0xfcc]
J 17297 C1 java.util.concurrent.ThreadPoolExecutor$Worker.run()V (9 bytes) @ 0x000000011495cf84 [0x000000011495ce80+0x104]
J 15317 C1 java.lang.Thread.run()V (17 bytes) @ 0x00000001126d2544 [0x00000001126d2400+0x144]
v  ~StubRoutines::call_stub

---------------  P R O C E S S  ---------------

Java Threads: ( => current thread )
  0x00007faa29314000 JavaThread "Stdin handler" [_thread_blocked, id=45715, stack(0x000070000ce63000,0x000070000cf63000)]
=>0x00007faa2b5f1800 JavaThread "Daemon worker Thread 35" [_thread_in_native, id=40331, stack(0x000070000cd60000,0x000070000ce60000)]
  0x00007faa2b7dd000 JavaThread "Cancel handler" [_thread_blocked, id=59759, stack(0x000070000cc5d000,0x000070000cd5d000)]
  0x00007faa293b8000 JavaThread "Handler for socket connection from /127.0.0.1:55922 to /127.0.0.1:64003" [_thread_in_native, id=4919, stack(0x000070000cb5a000,0x000070000cc5a000)]
  0x00007faa2b022800 JavaThread "Daemon Thread 35" [_thread_blocked, id=24215, stack(0x000070000ca57000,0x000070000cb57000)]
  0x00007faa29cc7000 JavaThread "pool-5-thread-4" [_thread_blocked, id=22051, stack(0x000070000d67b000,0x000070000d77b000)]
  0x00007faa29cc6800 JavaThread "pool-5-thread-2" [_thread_blocked, id=62991, stack(0x000070000d578000,0x000070000d678000)]
  0x00007faa267dc800 JavaThread "pool-5-thread-3" [_thread_blocked, id=62735, stack(0x000070000d475000,0x000070000d575000)]
  0x00007faa2551c800 JavaThread "pool-5-thread-1" [_thread_blocked, id=31763, stack(0x000070000d16c000,0x000070000d26c000)]
  0x00007faa24dd9000 JavaThread "File lock request listener" [_thread_in_native, id=4359, stack(0x000070000b9a1000,0x000070000baa1000)]
  0x00007faa2529f800 JavaThread "Incoming local TCP Connector on port 55922" [_thread_in_native, id=19459, stack(0x000070000c954000,0x000070000ca54000)]
  0x00007faa25032000 JavaThread "Service Thread" daemon [_thread_blocked, id=18435, stack(0x000070000c74e000,0x000070000c84e000)]
  0x00007faa25031000 JavaThread "C1 CompilerThread2" daemon [_thread_blocked, id=17923, stack(0x000070000c64b000,0x000070000c74b000)]
  0x00007faa2582e000 JavaThread "C2 CompilerThread1" daemon [_thread_blocked, id=17411, stack(0x000070000c548000,0x000070000c648000)]
  0x00007faa25834800 JavaThread "C2 CompilerThread0" daemon [_thread_blocked, id=16899, stack(0x000070000c445000,0x000070000c545000)]
  0x00007faa2501c000 JavaThread "Signal Dispatcher" daemon [_thread_blocked, id=16387, stack(0x000070000c342000,0x000070000c442000)]
  0x00007faa2480b000 JavaThread "Finalizer" daemon [_thread_blocked, id=12547, stack(0x000070000c23f000,0x000070000c33f000)]
  0x00007faa2582d800 JavaThread "Reference Handler" daemon [_thread_blocked, id=12035, stack(0x000070000c13c000,0x000070000c23c000)]
  0x00007faa25002000 JavaThread "main" [_thread_blocked, id=7171, stack(0x000070000bb2a000,0x000070000bc2a000)]

Other Threads:
  0x00007faa2582c800 VMThread [stack: 0x000070000c039000,0x000070000c139000] [id=11523]
  0x00007faa2600d000 WatcherThread [stack: 0x000070000c851000,0x000070000c951000] [id=18947]

VM state:not at safepoint (normal execution)

VM Mutex/Monitor currently owned by a thread: None

Heap:
 PSYoungGen      total 97792K, used 11935K [0x00000007aab00000, 0x00000007b3880000, 0x00000007c0000000)
  eden space 96768K, 12% used [0x00000007aab00000,0x00000007ab6a7ed8,0x00000007b0980000)
  from space 1024K, 0% used [0x00000007b0980000,0x00000007b0980000,0x00000007b0a80000)
  to   space 24064K, 0% used [0x00000007b2100000,0x00000007b2100000,0x00000007b3880000)
 ParOldGen       total 80896K, used 33254K [0x0000000780000000, 0x0000000784f00000, 0x00000007aab00000)
  object space 80896K, 41% used [0x0000000780000000,0x00000007820799d0,0x0000000784f00000)
 Metaspace       used 71838K, capacity 76492K, committed 81152K, reserved 1120256K
  class space    used 8936K, capacity 9302K, committed 10496K, reserved 1048576K

Card table byte_map: [0x0000000111757000,0x0000000111958000] byte_map_base: 0x000000010db57000

Marking Bits: (ParMarkBitMap*) 0x0000000110ce8bd0
 Begin Bits: [0x0000000120b80000, 0x0000000121b80000)
 End Bits:   [0x0000000121b80000, 0x0000000122b80000)

Polling page: 0x000000010fb1a000

CodeCache: size=245760Kb used=71178Kb max_used=71465Kb free=174581Kb
 bounds [0x0000000111a2a000, 0x00000001160aa000, 0x0000000120a2a000]
 total_blobs=18654 nmethods=17871 adapters=694
 compilation: enabled

Compilation events (10 events):
Event: 22019.472 Thread 0x00007faa25031000 24791       3       org.gradle.internal.resource.transport.http.HttpResourceAccessor::<init> (21 bytes)
Event: 22019.473 Thread 0x00007faa25031000 nmethod 24791 0x0000000112ce30d0 code [0x0000000112ce3260, 0x0000000112ce3630]
Event: 22019.555 Thread 0x00007faa25834800 24792       4       org.codehaus.groovy.util.ManagedReference::<init> (40 bytes)
Event: 22019.561 Thread 0x00007faa25834800 nmethod 24792 0x0000000112ccded0 code [0x0000000112cce060, 0x0000000112cce4a8]
Event: 22019.561 Thread 0x00007faa25031000 24793       3       sun.reflect.generics.reflectiveObjects.GenericArrayTypeImpl::toString (56 bytes)
Event: 22019.561 Thread 0x00007faa25834800 24794       4       sun.reflect.generics.tree.TypeVariableSignature::accept (8 bytes)
Event: 22019.562 Thread 0x00007faa25031000 nmethod 24793 0x0000000114ec6f50 code [0x0000000114ec7180, 0x0000000114ec7e38]
Event: 22019.562 Thread 0x00007faa2582e000 24795       4       sun.reflect.generics.reflectiveObjects.TypeVariableImpl::toString (5 bytes)
Event: 22019.562 Thread 0x00007faa2582e000 nmethod 24795 0x0000000114312450 code [0x00000001143125a0, 0x0000000114312618]
Event: 22019.564 Thread 0x00007faa25834800 nmethod 24794 0x0000000113f85050 code [0x0000000113f851c0, 0x0000000113f85328]

GC Heap History (10 events):
Event: 21483.780 GC heap before
{Heap before GC invocations=139 (full 34):
 PSYoungGen      total 98304K, used 1075K [0x00000007aab00000, 0x00000007b3a80000, 0x00000007c0000000)
  eden space 96768K, 0% used [0x00000007aab00000,0x00000007aab00000,0x00000007b0980000)
  from space 1536K, 70% used [0x00000007b0980000,0x00000007b0a8cf50,0x00000007b0b00000)
  to   space 25088K, 0% used [0x00000007b2200000,0x00000007b2200000,0x00000007b3a80000)
 ParOldGen       total 80896K, used 51280K [0x0000000780000000, 0x0000000784f00000, 0x00000007aab00000)
  object space 80896K, 63% used [0x0000000780000000,0x0000000783214250,0x0000000784f00000)
 Metaspace       used 73442K, capacity 79412K, committed 81152K, reserved 1120256K
  class space    used 9327K, capacity 10041K, committed 10496K, reserved 1048576K
Event: 21484.733 GC heap after
Heap after GC invocations=139 (full 34):
 PSYoungGen      total 98304K, used 0K [0x00000007aab00000, 0x00000007b3a80000, 0x00000007c0000000)
  eden space 96768K, 0% used [0x00000007aab00000,0x00000007aab00000,0x00000007b0980000)
  from space 1536K, 0% used [0x00000007b0980000,0x00000007b0980000,0x00000007b0b00000)
  to   space 25088K, 0% used [0x00000007b2200000,0x00000007b2200000,0x00000007b3a80000)
 ParOldGen       total 80896K, used 31654K [0x0000000780000000, 0x0000000784f00000, 0x00000007aab00000)
  object space 80896K, 39% used [0x0000000780000000,0x0000000781ee9b10,0x0000000784f00000)
 Metaspace       used 71432K, capacity 75850K, committed 81152K, reserved 1120256K
  class space    used 8865K, capacity 9169K, committed 10496K, reserved 1048576K
}
Event: 21629.840 GC heap before
{Heap before GC invocations=140 (full 34):
 PSYoungGen      total 98304K, used 33595K [0x00000007aab00000, 0x00000007b3a80000, 0x00000007c0000000)
  eden space 96768K, 34% used [0x00000007aab00000,0x00000007acbcef18,0x00000007b0980000)
  from space 1536K, 0% used [0x00000007b0980000,0x00000007b0980000,0x00000007b0b00000)
  to   space 25088K, 0% used [0x00000007b2200000,0x00000007b2200000,0x00000007b3a80000)
 ParOldGen       total 80896K, used 31654K [0x0000000780000000, 0x0000000784f00000, 0x00000007aab00000)
  object space 80896K, 39% used [0x0000000780000000,0x0000000781ee9b10,0x0000000784f00000)
 Metaspace       used 71653K, capacity 76198K, committed 81152K, reserved 1120256K
  class space    used 8897K, capacity 9227K, committed 10496K, reserved 1048576K
Event: 21629.849 GC heap after
Heap after GC invocations=140 (full 34):
 PSYoungGen      total 120832K, used 1696K [0x00000007aab00000, 0x00000007b3980000, 0x00000007c0000000)
  eden space 96768K, 0% used [0x00000007aab00000,0x00000007aab00000,0x00000007b0980000)
  from space 24064K, 7% used [0x00000007b2200000,0x00000007b23a8000,0x00000007b3980000)
  to   space 24576K, 0% used [0x00000007b0980000,0x00000007b0980000,0x00000007b2180000)
 ParOldGen       total 80896K, used 31654K [0x0000000780000000, 0x0000000784f00000, 0x00000007aab00000)
  object space 80896K, 39% used [0x0000000780000000,0x0000000781ee9b10,0x0000000784f00000)
 Metaspace       used 71653K, capacity 76198K, committed 81152K, reserved 1120256K
  class space    used 8897K, capacity 9227K, committed 10496K, reserved 1048576K
}
Event: 21629.849 GC heap before
{Heap before GC invocations=141 (full 35):
 PSYoungGen      total 120832K, used 1696K [0x00000007aab00000, 0x00000007b3980000, 0x00000007c0000000)
  eden space 96768K, 0% used [0x00000007aab00000,0x00000007aab00000,0x00000007b0980000)
  from space 24064K, 7% used [0x00000007b2200000,0x00000007b23a8000,0x00000007b3980000)
  to   space 24576K, 0% used [0x00000007b0980000,0x00000007b0980000,0x00000007b2180000)
 ParOldGen       total 80896K, used 31654K [0x0000000780000000, 0x0000000784f00000, 0x00000007aab00000)
  object space 80896K, 39% used [0x0000000780000000,0x0000000781ee9b10,0x0000000784f00000)
 Metaspace       used 71653K, capacity 76198K, committed 81152K, reserved 1120256K
  class space    used 8897K, capacity 9227K, committed 10496K, reserved 1048576K
Event: 21630.051 GC heap after
Heap after GC invocations=141 (full 35):
 PSYoungGen      total 120832K, used 0K [0x00000007aab00000, 0x00000007b3980000, 0x00000007c0000000)
  eden space 96768K, 0% used [0x00000007aab00000,0x00000007aab00000,0x00000007b0980000)
  from space 24064K, 0% used [0x00000007b2200000,0x00000007b2200000,0x00000007b3980000)
  to   space 24576K, 0% used [0x00000007b0980000,0x00000007b0980000,0x00000007b2180000)
 ParOldGen       total 80896K, used 32913K [0x0000000780000000, 0x0000000784f00000, 0x00000007aab00000)
  object space 80896K, 40% used [0x0000000780000000,0x00000007820247e0,0x0000000784f00000)
 Metaspace       used 71653K, capacity 76198K, committed 81152K, reserved 1120256K
  class space    used 8897K, capacity 9227K, committed 10496K, reserved 1048576K
}
Event: 21927.058 GC heap before
{Heap before GC invocations=142 (full 35):
 PSYoungGen      total 120832K, used 10963K [0x00000007aab00000, 0x00000007b3980000, 0x00000007c0000000)
  eden space 96768K, 11% used [0x00000007aab00000,0x00000007ab5b4c68,0x00000007b0980000)
  from space 24064K, 0% used [0x00000007b2200000,0x00000007b2200000,0x00000007b3980000)
  to   space 24576K, 0% used [0x00000007b0980000,0x00000007b0980000,0x00000007b2180000)
 ParOldGen       total 80896K, used 32913K [0x0000000780000000, 0x0000000784f00000, 0x00000007aab00000)
  object space 80896K, 40% used [0x0000000780000000,0x00000007820247e0,0x0000000784f00000)
 Metaspace       used 71692K, capacity 76258K, committed 81152K, reserved 1120256K
  class space    used 8902K, capacity 9237K, committed 10496K, reserved 1048576K
Event: 21927.066 GC heap after
Heap after GC invocations=142 (full 35):
 PSYoungGen      total 97792K, used 576K [0x00000007aab00000, 0x00000007b3880000, 0x00000007c0000000)
  eden space 96768K, 0% used [0x00000007aab00000,0x00000007aab00000,0x00000007b0980000)
  from space 1024K, 56% used [0x00000007b0980000,0x00000007b0a10000,0x00000007b0a80000)
  to   space 24064K, 0% used [0x00000007b2100000,0x00000007b2100000,0x00000007b3880000)
 ParOldGen       total 80896K, used 32913K [0x0000000780000000, 0x0000000784f00000, 0x00000007aab00000)
  object space 80896K, 40% used [0x0000000780000000,0x00000007820247e0,0x0000000784f00000)
 Metaspace       used 71692K, capacity 76258K, committed 81152K, reserved 1120256K
  class space    used 8902K, capacity 9237K, committed 10496K, reserved 1048576K
}
Event: 21927.066 GC heap before
{Heap before GC invocations=143 (full 36):
 PSYoungGen      total 97792K, used 576K [0x00000007aab00000, 0x00000007b3880000, 0x00000007c0000000)
  eden space 96768K, 0% used [0x00000007aab00000,0x00000007aab00000,0x00000007b0980000)
  from space 1024K, 56% used [0x00000007b0980000,0x00000007b0a10000,0x00000007b0a80000)
  to   space 24064K, 0% used [0x00000007b2100000,0x00000007b2100000,0x00000007b3880000)
 ParOldGen       total 80896K, used 32913K [0x0000000780000000, 0x0000000784f00000, 0x00000007aab00000)
  object space 80896K, 40% used [0x0000000780000000,0x00000007820247e0,0x0000000784f00000)
 Metaspace       used 71692K, capacity 76258K, committed 81152K, reserved 1120256K
  class space    used 8902K, capacity 9237K, committed 10496K, reserved 1048576K
Event: 21927.285 GC heap after
Heap after GC invocations=143 (full 36):
 PSYoungGen      total 97792K, used 0K [0x00000007aab00000, 0x00000007b3880000, 0x00000007c0000000)
  eden space 96768K, 0% used [0x00000007aab00000,0x00000007aab00000,0x00000007b0980000)
  from space 1024K, 0% used [0x00000007b0980000,0x00000007b0980000,0x00000007b0a80000)
  to   space 24064K, 0% used [0x00000007b2100000,0x00000007b2100000,0x00000007b3880000)
 ParOldGen       total 80896K, used 33254K [0x0000000780000000, 0x0000000784f00000, 0x00000007aab00000)
  object space 80896K, 41% used [0x0000000780000000,0x00000007820799d0,0x0000000784f00000)
 Metaspace       used 71692K, capacity 76258K, committed 81152K, reserved 1120256K
  class space    used 8902K, capacity 9237K, committed 10496K, reserved 1048576K
}

Deoptimization events (10 events):
Event: 16327.889 Thread 0x00007faa256bf000 Uncommon trap: reason=class_check action=maybe_recompile pc=0x000000011582fa2c method=com.sun.org.apache.xerces.internal.dom.ElementNSImpl.getLocalName()Ljava/lang/String; @ 8
Event: 16327.889 Thread 0x00007faa256bf000 Uncommon trap: reason=unstable_if action=reinterpret pc=0x0000000115ec8aac method=com.android.ide.common.res2.ValueResourceParser2.getType(Lorg/w3c/dom/Node;Ljava/io/File;)Lcom/android/resources/ResourceType; @ 59
Event: 16327.889 Thread 0x00007faa256bf000 Uncommon trap: reason=unstable_if action=reinterpret pc=0x0000000115347fc0 method=com.android.ide.common.res2.ValueResourceParser2.parseFile()Ljava/util/List; @ 108
Event: 16327.889 Thread 0x00007faa256bf000 Uncommon trap: reason=class_check action=maybe_recompile pc=0x000000011582fa2c method=com.sun.org.apache.xerces.internal.dom.ElementNSImpl.getLocalName()Ljava/lang/String; @ 8
Event: 16327.889 Thread 0x00007faa256bf000 Uncommon trap: reason=class_check action=maybe_recompile pc=0x000000011582fa2c method=com.sun.org.apache.xerces.internal.dom.ElementNSImpl.getLocalName()Ljava/lang/String; @ 8
Event: 16327.889 Thread 0x00007faa256bf000 Uncommon trap: reason=class_check action=maybe_recompile pc=0x000000011582fa2c method=com.sun.org.apache.xerces.internal.dom.ElementNSImpl.getLocalName()Ljava/lang/String; @ 8
Event: 21483.760 Thread 0x00007faa293b8000 Uncommon trap: reason=uninitialized action=reinterpret pc=0x000000011357aab0 method=org.gradle.internal.reflect.JavaMethod.invoke(Ljava/lang/Object;[Ljava/lang/Object;)Ljava/lang/Object; @ 21
Event: 21483.767 Thread 0x00007faa293b8000 Uncommon trap: reason=bimorphic action=maybe_recompile pc=0x00000001122c9320 method=org.gradle.logging.internal.AbstractStyledTextOutput.text(Ljava/lang/Object;)Lorg/gradle/logging/StyledTextOutput; @ 11
Event: 21518.476 Thread 0x00007faa293b8000 Uncommon trap: reason=uninitialized action=reinterpret pc=0x0000000113576630 method=org.gradle.internal.reflect.JavaMethod.invoke(Ljava/lang/Object;[Ljava/lang/Object;)Ljava/lang/Object; @ 21
Event: 21518.478 Thread 0x00007faa293b8000 Uncommon trap: reason=bimorphic action=maybe_recompile pc=0x00000001122c9320 method=org.gradle.logging.internal.AbstractStyledTextOutput.text(Ljava/lang/Object;)Lorg/gradle/logging/StyledTextOutput; @ 11

Internal exceptions (10 events):
Event: 22019.472 Thread 0x00007faa2b5f1800 Exception <a 'java/util/zip/ZipException'> (0x00000007ab07c030) thrown at [/Users/java_re/workspace/8-2-build-macosx-x86_64/jdk8u92/6642/hotspot/src/share/vm/prims/jni.cpp, line 709]
Event: 22019.484 Thread 0x00007faa2b5f1800 Exception <a 'java/lang/NoSuchMethodError': <clinit>> (0x00000007ab101918) thrown at [/Users/java_re/workspace/8-2-build-macosx-x86_64/jdk8u92/6642/hotspot/src/share/vm/prims/jni.cpp, line 1613]
Event: 22019.508 Thread 0x00007faa2b5f1800 Exception <a 'java/lang/NoSuchMethodError': <clinit>> (0x00000007ab135928) thrown at [/Users/java_re/workspace/8-2-build-macosx-x86_64/jdk8u92/6642/hotspot/src/share/vm/prims/jni.cpp, line 1613]
Event: 22019.512 Thread 0x00007faa2b5f1800 Exception <a 'java/lang/NoSuchMethodError': <clinit>> (0x00000007ab14abb8) thrown at [/Users/java_re/workspace/8-2-build-macosx-x86_64/jdk8u92/6642/hotspot/src/share/vm/prims/jni.cpp, line 1613]
Event: 22019.519 Thread 0x00007faa2b5f1800 Exception <a 'java/lang/NoSuchMethodError': <clinit>> (0x00000007ab16e998) thrown at [/Users/java_re/workspace/8-2-build-macosx-x86_64/jdk8u92/6642/hotspot/src/share/vm/prims/jni.cpp, line 1613]
Event: 22019.520 Thread 0x00007faa2b5f1800 Exception <a 'java/lang/NoSuchMethodError': <clinit>> (0x00000007ab1791c8) thrown at [/Users/java_re/workspace/8-2-build-macosx-x86_64/jdk8u92/6642/hotspot/src/share/vm/prims/jni.cpp, line 1613]
Event: 22019.529 Thread 0x00007faa2b5f1800 Exception <a 'java/lang/NoSuchMethodError': <clinit>> (0x00000007ab1ae388) thrown at [/Users/java_re/workspace/8-2-build-macosx-x86_64/jdk8u92/6642/hotspot/src/share/vm/prims/jni.cpp, line 1613]
Event: 22019.531 Thread 0x00007faa2b5f1800 Exception <a 'java/lang/NoSuchMethodError': <clinit>> (0x00000007ab1bc500) thrown at [/Users/java_re/workspace/8-2-build-macosx-x86_64/jdk8u92/6642/hotspot/src/share/vm/prims/jni.cpp, line 1613]
Event: 22019.550 Thread 0x00007faa2b5f1800 Exception <a 'java/lang/ClassNotFoundException': groovy/runtime/metaclass/[Ljava/lang/String;MetaClass> (0x00000007ab2b8a78) thrown at [/Users/java_re/workspace/8-2-build-macosx-x86_64/jdk8u92/6642/hotspot/src/share/vm/prims/jni.cpp, line 735]
Event: 22019.557 Thread 0x00007faa2b5f1800 Exception <a 'java/lang/SecurityException'> (0x00000007ab3ae000) thrown at [/Users/java_re/workspace/8-2-build-macosx-x86_64/jdk8u92/6642/hotspot/src/share/vm/prims/jvm.cpp, line 1390]

Events (10 events):
Event: 22019.557 loading class groovy/runtime/metaclass/java/lang/ClassMetaClass
Event: 22019.557 loading class groovy/runtime/metaclass/java/lang/ClassMetaClass done
Event: 22019.568 loading class groovy/runtime/metaclass/java/net/URLClassLoaderMetaClass
Event: 22019.568 loading class groovy/runtime/metaclass/java/net/URLClassLoaderMetaClass done
Event: 22019.572 loading class groovy/lang/GroovyRuntimeException
Event: 22019.572 loading class groovy/lang/GroovyRuntimeException done
Event: 22019.572 Executing VM operation: RevokeBias
Event: 22019.573 Executing VM operation: RevokeBias done
Event: 22019.573 Executing VM operation: RevokeBias
Event: 22019.573 Executing VM operation: RevokeBias done


Dynamic libraries:
0x0000000001884000 	/System/Library/Frameworks/Cocoa.framework/Versions/A/Cocoa
0x0000000001884000 	/System/Library/Frameworks/Security.framework/Versions/A/Security
0x0000000001884000 	/System/Library/Frameworks/ApplicationServices.framework/Versions/A/ApplicationServices
0x0000000001884000 	/usr/lib/libz.1.dylib
0x0000000001884000 	/usr/lib/libSystem.B.dylib
0x0000000001884000 	/usr/lib/libobjc.A.dylib
0x0000000001884000 	/System/Library/Frameworks/CoreFoundation.framework/Versions/A/CoreFoundation
0x0000000001884000 	/System/Library/Frameworks/Foundation.framework/Versions/C/Foundation
0x0000000001884000 	/System/Library/Frameworks/AppKit.framework/Versions/C/AppKit
0x0000000001884000 	/System/Library/Frameworks/CoreData.framework/Versions/A/CoreData
0x0000000001884000 	/System/Library/PrivateFrameworks/RemoteViewServices.framework/Versions/A/RemoteViewServices
0x0000000001884000 	/System/Library/PrivateFrameworks/UIFoundation.framework/Versions/A/UIFoundation
0x0000000001884000 	/usr/lib/libenergytrace.dylib
0x0000000001884000 	/System/Library/PrivateFrameworks/SkyLight.framework/Versions/A/SkyLight
0x0000000001884000 	/System/Library/Frameworks/CoreGraphics.framework/Versions/A/CoreGraphics
0x0000000001884000 	/usr/lib/libScreenReader.dylib
0x0000000001884000 	/System/Library/Frameworks/Accelerate.framework/Versions/A/Accelerate
0x0000000001884000 	/System/Library/Frameworks/IOSurface.framework/Versions/A/IOSurface
0x0000000001884000 	/System/Library/Frameworks/AudioToolbox.framework/Versions/A/AudioToolbox
0x0000000001884000 	/System/Library/Frameworks/AudioUnit.framework/Versions/A/AudioUnit
0x0000000001884000 	/System/Library/PrivateFrameworks/DataDetectorsCore.framework/Versions/A/DataDetectorsCore
0x0000000001884000 	/System/Library/PrivateFrameworks/DesktopServicesPriv.framework/Versions/A/DesktopServicesPriv
0x0000000001884000 	/System/Library/Frameworks/Carbon.framework/Versions/A/Frameworks/HIToolbox.framework/Versions/A/HIToolbox
0x0000000001884000 	/usr/lib/libicucore.A.dylib
0x0000000001884000 	/System/Library/Frameworks/QuartzCore.framework/Versions/A/QuartzCore
0x0000000001884000 	/System/Library/Frameworks/Carbon.framework/Versions/A/Frameworks/SpeechRecognition.framework/Versions/A/SpeechRecognition
0x0000000001884000 	/usr/lib/libauto.dylib
0x0000000001884000 	/usr/lib/libxml2.2.dylib
0x0000000001884000 	/System/Library/PrivateFrameworks/CoreUI.framework/Versions/A/CoreUI
0x0000000001884000 	/System/Library/Frameworks/CoreAudio.framework/Versions/A/CoreAudio
0x0000000001884000 	/System/Library/Frameworks/DiskArbitration.framework/Versions/A/DiskArbitration
0x0000000001884000 	/usr/lib/liblangid.dylib
0x0000000001884000 	/System/Library/PrivateFrameworks/MultitouchSupport.framework/Versions/A/MultitouchSupport
0x0000000001884000 	/System/Library/Frameworks/IOKit.framework/Versions/A/IOKit
0x0000000001884000 	/usr/lib/libDiagnosticMessagesClient.dylib
0x0000000001884000 	/System/Library/Frameworks/CoreServices.framework/Versions/A/CoreServices
0x0000000001884000 	/System/Library/PrivateFrameworks/PerformanceAnalysis.framework/Versions/A/PerformanceAnalysis
0x0000000001884000 	/System/Library/PrivateFrameworks/GenerationalStorage.framework/Versions/A/GenerationalStorage
0x0000000001884000 	/System/Library/Frameworks/OpenGL.framework/Versions/A/OpenGL
0x0000000001884000 	/System/Library/Frameworks/CoreImage.framework/Versions/A/CoreImage
0x0000000001884000 	/System/Library/Frameworks/CoreText.framework/Versions/A/CoreText
0x0000000001884000 	/System/Library/Frameworks/ImageIO.framework/Versions/A/ImageIO
0x0000000001884000 	/System/Library/PrivateFrameworks/Backup.framework/Versions/A/Backup
0x0000000001884000 	/usr/lib/libarchive.2.dylib
0x0000000001884000 	/System/Library/Frameworks/CFNetwork.framework/Versions/A/CFNetwork
0x0000000001884000 	/System/Library/Frameworks/SystemConfiguration.framework/Versions/A/SystemConfiguration
0x0000000001884000 	/usr/lib/libCRFSuite.dylib
0x0000000001884000 	/usr/lib/libc++.1.dylib
0x0000000001884000 	/usr/lib/libc++abi.dylib
0x0000000001884000 	/usr/lib/system/libcache.dylib
0x0000000001884000 	/usr/lib/system/libcommonCrypto.dylib
0x0000000001884000 	/usr/lib/system/libcompiler_rt.dylib
0x0000000001884000 	/usr/lib/system/libcopyfile.dylib
0x0000000001884000 	/usr/lib/system/libcorecrypto.dylib
0x0000000001884000 	/usr/lib/system/libdispatch.dylib
0x0000000001884000 	/usr/lib/system/libdyld.dylib
0x0000000001884000 	/usr/lib/system/libkeymgr.dylib
0x0000000001884000 	/usr/lib/system/liblaunch.dylib
0x0000000001884000 	/usr/lib/system/libmacho.dylib
0x0000000001884000 	/usr/lib/system/libquarantine.dylib
0x0000000001884000 	/usr/lib/system/libremovefile.dylib
0x0000000001884000 	/usr/lib/system/libsystem_asl.dylib
0x0000000001884000 	/usr/lib/system/libsystem_blocks.dylib
0x0000000001884000 	/usr/lib/system/libsystem_c.dylib
0x0000000001884000 	/usr/lib/system/libsystem_configuration.dylib
0x0000000001884000 	/usr/lib/system/libsystem_coreservices.dylib
0x0000000001884000 	/usr/lib/system/libsystem_coretls.dylib
0x0000000001884000 	/usr/lib/system/libsystem_dnssd.dylib
0x0000000001884000 	/usr/lib/system/libsystem_info.dylib
0x0000000001884000 	/usr/lib/system/libsystem_kernel.dylib
0x0000000001884000 	/usr/lib/system/libsystem_m.dylib
0x0000000001884000 	/usr/lib/system/libsystem_malloc.dylib
0x0000000001884000 	/usr/lib/system/libsystem_network.dylib
0x0000000001884000 	/usr/lib/system/libsystem_networkextension.dylib
0x0000000001884000 	/usr/lib/system/libsystem_notify.dylib
0x0000000001884000 	/usr/lib/system/libsystem_platform.dylib
0x0000000001884000 	/usr/lib/system/libsystem_pthread.dylib
0x0000000001884000 	/usr/lib/system/libsystem_sandbox.dylib
0x0000000001884000 	/usr/lib/system/libsystem_secinit.dylib
0x0000000001884000 	/usr/lib/system/libsystem_symptoms.dylib
0x0000000001884000 	/usr/lib/system/libsystem_trace.dylib
0x0000000001884000 	/usr/lib/system/libunwind.dylib
0x0000000001884000 	/usr/lib/system/libxpc.dylib
0x0000000001884000 	/usr/lib/libbsm.0.dylib
0x0000000001884000 	/usr/lib/system/libkxld.dylib
0x0000000001884000 	/usr/lib/libcoretls.dylib
0x0000000001884000 	/usr/lib/libcoretls_cfhelpers.dylib
0x0000000001884000 	/usr/lib/libxar.1.dylib
0x0000000001884000 	/usr/lib/libsqlite3.dylib
0x0000000001884000 	/usr/lib/libpam.2.dylib
0x0000000001884000 	/usr/lib/libOpenScriptingUtil.dylib
0x0000000001884000 	/usr/lib/libbz2.1.0.dylib
0x0000000001884000 	/usr/lib/liblzma.5.dylib
0x0000000001884000 	/usr/lib/libnetwork.dylib
0x0000000001884000 	/usr/lib/libpcap.A.dylib
0x0000000001884000 	/System/Library/Frameworks/CoreServices.framework/Versions/A/Frameworks/FSEvents.framework/Versions/A/FSEvents
0x0000000001884000 	/System/Library/Frameworks/CoreServices.framework/Versions/A/Frameworks/CarbonCore.framework/Versions/A/CarbonCore
0x0000000001884000 	/System/Library/Frameworks/CoreServices.framework/Versions/A/Frameworks/Metadata.framework/Versions/A/Metadata
0x0000000001884000 	/System/Library/Frameworks/CoreServices.framework/Versions/A/Frameworks/OSServices.framework/Versions/A/OSServices
0x0000000001884000 	/System/Library/Frameworks/CoreServices.framework/Versions/A/Frameworks/SearchKit.framework/Versions/A/SearchKit
0x0000000001884000 	/System/Library/Frameworks/CoreServices.framework/Versions/A/Frameworks/AE.framework/Versions/A/AE
0x0000000001884000 	/System/Library/Frameworks/CoreServices.framework/Versions/A/Frameworks/LaunchServices.framework/Versions/A/LaunchServices
0x0000000001884000 	/System/Library/Frameworks/CoreServices.framework/Versions/A/Frameworks/DictionaryServices.framework/Versions/A/DictionaryServices
0x0000000001884000 	/System/Library/Frameworks/CoreServices.framework/Versions/A/Frameworks/SharedFileList.framework/Versions/A/SharedFileList
0x0000000001884000 	/System/Library/Frameworks/NetFS.framework/Versions/A/NetFS
0x0000000001884000 	/System/Library/PrivateFrameworks/NetAuth.framework/Versions/A/NetAuth
0x0000000001884000 	/System/Library/PrivateFrameworks/login.framework/Versions/A/Frameworks/loginsupport.framework/Versions/A/loginsupport
0x0000000001884000 	/System/Library/PrivateFrameworks/TCC.framework/Versions/A/TCC
0x0000000001884000 	/usr/lib/libmecabra.dylib
0x0000000001884000 	/System/Library/Frameworks/ApplicationServices.framework/Versions/A/Frameworks/ATS.framework/Versions/A/ATS
0x0000000001884000 	/System/Library/Frameworks/ApplicationServices.framework/Versions/A/Frameworks/ColorSync.framework/Versions/A/ColorSync
0x0000000001884000 	/System/Library/Frameworks/ApplicationServices.framework/Versions/A/Frameworks/HIServices.framework/Versions/A/HIServices
0x0000000001884000 	/System/Library/Frameworks/ApplicationServices.framework/Versions/A/Frameworks/LangAnalysis.framework/Versions/A/LangAnalysis
0x0000000001884000 	/System/Library/Frameworks/ApplicationServices.framework/Versions/A/Frameworks/PrintCore.framework/Versions/A/PrintCore
0x0000000001884000 	/System/Library/Frameworks/ApplicationServices.framework/Versions/A/Frameworks/QD.framework/Versions/A/QD
0x0000000001884000 	/System/Library/Frameworks/ApplicationServices.framework/Versions/A/Frameworks/SpeechSynthesis.framework/Versions/A/SpeechSynthesis
0x0000000001884000 	/System/Library/Frameworks/Accelerate.framework/Versions/A/Frameworks/vImage.framework/Versions/A/vImage
0x0000000001884000 	/System/Library/Frameworks/Accelerate.framework/Versions/A/Frameworks/vecLib.framework/Versions/A/vecLib
0x0000000001884000 	/System/Library/Frameworks/Accelerate.framework/Versions/A/Frameworks/vecLib.framework/Versions/A/libvDSP.dylib
0x0000000001884000 	/System/Library/Frameworks/Accelerate.framework/Versions/A/Frameworks/vecLib.framework/Versions/A/libBNNS.dylib
0x0000000001884000 	/System/Library/Frameworks/Accelerate.framework/Versions/A/Frameworks/vecLib.framework/Versions/A/libQuadrature.dylib
0x0000000001884000 	/System/Library/Frameworks/Accelerate.framework/Versions/A/Frameworks/vecLib.framework/Versions/A/libvMisc.dylib
0x0000000001884000 	/System/Library/Frameworks/Accelerate.framework/Versions/A/Frameworks/vecLib.framework/Versions/A/libLAPACK.dylib
0x0000000001884000 	/System/Library/Frameworks/Accelerate.framework/Versions/A/Frameworks/vecLib.framework/Versions/A/libBLAS.dylib
0x0000000001884000 	/System/Library/Frameworks/Accelerate.framework/Versions/A/Frameworks/vecLib.framework/Versions/A/libLinearAlgebra.dylib
0x0000000001884000 	/System/Library/Frameworks/Accelerate.framework/Versions/A/Frameworks/vecLib.framework/Versions/A/libSparseBLAS.dylib
0x0000000001884000 	/System/Library/Frameworks/ApplicationServices.framework/Versions/A/Frameworks/ATS.framework/Versions/A/Resources/libFontParser.dylib
0x0000000001884000 	/System/Library/Frameworks/ApplicationServices.framework/Versions/A/Frameworks/ATS.framework/Versions/A/Resources/libFontRegistry.dylib
0x0000000001884000 	/System/Library/Frameworks/ImageIO.framework/Versions/A/Resources/libJPEG.dylib
0x0000000001884000 	/System/Library/Frameworks/ImageIO.framework/Versions/A/Resources/libTIFF.dylib
0x0000000001884000 	/System/Library/Frameworks/ImageIO.framework/Versions/A/Resources/libPng.dylib
0x0000000001884000 	/System/Library/Frameworks/ImageIO.framework/Versions/A/Resources/libGIF.dylib
0x0000000001884000 	/System/Library/Frameworks/ImageIO.framework/Versions/A/Resources/libJP2.dylib
0x0000000001884000 	/System/Library/Frameworks/ImageIO.framework/Versions/A/Resources/libRadiance.dylib
0x0000000001884000 	/usr/lib/libcompression.dylib
0x0000000001884000 	/System/Library/PrivateFrameworks/AppleJPEG.framework/Versions/A/AppleJPEG
0x0000000001884000 	/usr/lib/libcups.2.dylib
0x0000000001884000 	/System/Library/Frameworks/Kerberos.framework/Versions/A/Kerberos
0x0000000001884000 	/System/Library/Frameworks/GSS.framework/Versions/A/GSS
0x0000000001884000 	/usr/lib/libresolv.9.dylib
0x0000000001884000 	/usr/lib/libiconv.2.dylib
0x0000000001884000 	/System/Library/PrivateFrameworks/Heimdal.framework/Versions/A/Heimdal
0x0000000001884000 	/usr/lib/libheimdal-asn1.dylib
0x0000000001884000 	/System/Library/Frameworks/OpenDirectory.framework/Versions/A/OpenDirectory
0x0000000001884000 	/System/Library/PrivateFrameworks/CommonAuth.framework/Versions/A/CommonAuth
0x0000000001884000 	/System/Library/Frameworks/OpenDirectory.framework/Versions/A/Frameworks/CFOpenDirectory.framework/Versions/A/CFOpenDirectory
0x0000000001884000 	/System/Library/Frameworks/SecurityFoundation.framework/Versions/A/SecurityFoundation
0x0000000001884000 	/System/Library/PrivateFrameworks/LanguageModeling.framework/Versions/A/LanguageModeling
0x0000000001884000 	/usr/lib/libmarisa.dylib
0x0000000001884000 	/usr/lib/libChineseTokenizer.dylib
0x0000000001884000 	/usr/lib/libcmph.dylib
0x0000000001884000 	/System/Library/PrivateFrameworks/CoreEmoji.framework/Versions/A/CoreEmoji
0x0000000001884000 	/System/Library/Frameworks/ServiceManagement.framework/Versions/A/ServiceManagement
0x0000000001884000 	/usr/lib/libxslt.1.dylib
0x0000000001884000 	/System/Library/Frameworks/Carbon.framework/Versions/A/Frameworks/Ink.framework/Versions/A/Ink
0x0000000001884000 	/System/Library/PrivateFrameworks/TextureIO.framework/Versions/A/TextureIO
0x0000000001884000 	/System/Library/Frameworks/Metal.framework/Versions/A/Metal
0x0000000001884000 	/usr/lib/libate.dylib
0x0000000001884000 	/System/Library/PrivateFrameworks/GPUCompiler.framework/libmetal_timestamp.dylib
0x0000000001884000 	/System/Library/Frameworks/OpenGL.framework/Versions/A/Libraries/libCoreFSCache.dylib
0x0000000001884000 	/System/Library/PrivateFrameworks/IOAccelerator.framework/Versions/A/IOAccelerator
0x0000000001884000 	/System/Library/Frameworks/CoreVideo.framework/Versions/A/CoreVideo
0x0000000001884000 	/usr/lib/libFosl_dynamic.dylib
0x0000000001884000 	/System/Library/PrivateFrameworks/MetalPerformanceShaders.framework/Versions/A/MetalPerformanceShaders
0x0000000001884000 	/System/Library/PrivateFrameworks/FaceCore.framework/Versions/A/FaceCore
0x0000000001884000 	/System/Library/Frameworks/OpenCL.framework/Versions/A/OpenCL
0x0000000001884000 	/System/Library/Frameworks/OpenGL.framework/Versions/A/Libraries/libGLU.dylib
0x0000000001884000 	/System/Library/Frameworks/OpenGL.framework/Versions/A/Libraries/libGFXShared.dylib
0x0000000001884000 	/System/Library/Frameworks/OpenGL.framework/Versions/A/Libraries/libGL.dylib
0x0000000001884000 	/System/Library/Frameworks/OpenGL.framework/Versions/A/Libraries/libGLImage.dylib
0x0000000001884000 	/System/Library/Frameworks/OpenGL.framework/Versions/A/Libraries/libCVMSPluginSupport.dylib
0x0000000001884000 	/System/Library/Frameworks/OpenGL.framework/Versions/A/Libraries/libCoreVMClient.dylib
0x0000000001884000 	/System/Library/PrivateFrameworks/CrashReporterSupport.framework/Versions/A/CrashReporterSupport
0x0000000001884000 	/System/Library/PrivateFrameworks/Sharing.framework/Versions/A/Sharing
0x0000000001884000 	/System/Library/PrivateFrameworks/IconServices.framework/Versions/A/IconServices
0x0000000001884000 	/System/Library/PrivateFrameworks/ProtocolBuffer.framework/Versions/A/ProtocolBuffer
0x0000000001884000 	/System/Library/PrivateFrameworks/Apple80211.framework/Versions/A/Apple80211
0x0000000001884000 	/System/Library/Frameworks/CoreWLAN.framework/Versions/A/CoreWLAN
0x0000000001884000 	/System/Library/PrivateFrameworks/CoreUtils.framework/Versions/A/CoreUtils
0x0000000001884000 	/System/Library/Frameworks/IOBluetooth.framework/Versions/A/IOBluetooth
0x0000000001884000 	/System/Library/PrivateFrameworks/CoreWiFi.framework/Versions/A/CoreWiFi
0x0000000001884000 	/System/Library/Frameworks/CoreBluetooth.framework/Versions/A/CoreBluetooth
0x0000000001884000 	/System/Library/Frameworks/CoreDisplay.framework/Versions/A/CoreDisplay
0x0000000001884000 	/System/Library/PrivateFrameworks/IOPresentment.framework/Versions/A/IOPresentment
0x0000000001884000 	/System/Library/PrivateFrameworks/DebugSymbols.framework/Versions/A/DebugSymbols
0x0000000001884000 	/System/Library/PrivateFrameworks/CoreSymbolication.framework/Versions/A/CoreSymbolication
0x0000000001884000 	/System/Library/PrivateFrameworks/Symbolication.framework/Versions/A/Symbolication
0x0000000001884000 	/System/Library/PrivateFrameworks/AppleFSCompression.framework/Versions/A/AppleFSCompression
0x0000000001884000 	/System/Library/PrivateFrameworks/SpeechRecognitionCore.framework/Versions/A/SpeechRecognitionCore
0x0000000001884000 	/System/Library/PrivateFrameworks/ChunkingLibrary.framework/Versions/A/ChunkingLibrary
0x0000000110400000 	/Library/Java/JavaVirtualMachines/jdk1.8.0_92.jdk/Contents/Home/jre/lib/server/libjvm.dylib
0x0000000001884000 	/usr/lib/libstdc++.6.dylib
0x000000010fad7000 	/Library/Java/JavaVirtualMachines/jdk1.8.0_92.jdk/Contents/Home/jre/lib/libverify.dylib
0x000000010fae5000 	/Library/Java/JavaVirtualMachines/jdk1.8.0_92.jdk/Contents/Home/jre/lib/libjava.dylib
0x000000010fb24000 	/Library/Java/JavaVirtualMachines/jdk1.8.0_92.jdk/Contents/Home/jre/lib/libzip.dylib
0x000000010fbe5000 	/System/Library/Frameworks/JavaVM.framework/Frameworks/JavaRuntimeSupport.framework/JavaRuntimeSupport
0x000000012476b000 	/System/Library/Frameworks/JavaVM.framework/Versions/A/Frameworks/JavaNativeFoundation.framework/Versions/A/JavaNativeFoundation
0x0000000124780000 	/System/Library/Frameworks/JavaVM.framework/Versions/A/JavaVM
0x0000000001884000 	/System/Library/Frameworks/Carbon.framework/Versions/A/Carbon
0x000000012478d000 	/System/Library/PrivateFrameworks/JavaLaunching.framework/Versions/A/JavaLaunching
0x0000000001884000 	/System/Library/Frameworks/Carbon.framework/Versions/A/Frameworks/CommonPanels.framework/Versions/A/CommonPanels
0x0000000001884000 	/System/Library/Frameworks/Carbon.framework/Versions/A/Frameworks/Help.framework/Versions/A/Help
0x0000000001884000 	/System/Library/Frameworks/Carbon.framework/Versions/A/Frameworks/ImageCapture.framework/Versions/A/ImageCapture
0x0000000001884000 	/System/Library/Frameworks/Carbon.framework/Versions/A/Frameworks/OpenScripting.framework/Versions/A/OpenScripting
0x0000000001884000 	/System/Library/Frameworks/Carbon.framework/Versions/A/Frameworks/Print.framework/Versions/A/Print
0x0000000001884000 	/System/Library/Frameworks/Carbon.framework/Versions/A/Frameworks/SecurityHI.framework/Versions/A/SecurityHI
0x0000000126217000 	/Library/Java/JavaVirtualMachines/jdk1.8.0_92.jdk/Contents/Home/jre/lib/libnet.dylib
0x0000000126276000 	/Library/Java/JavaVirtualMachines/jdk1.8.0_92.jdk/Contents/Home/jre/lib/libnio.dylib
0x0000000126286000 	/Users/basil/.gradle/native/19/osx-amd64/libnative-platform.dylib
0x00000001269f3000 	/Library/Java/JavaVirtualMachines/jdk1.8.0_92.jdk/Contents/Home/jre/lib/libmanagement.dylib
0x0000000126599000 	/Library/Java/JavaVirtualMachines/jdk1.8.0_92.jdk/Contents/Home/jre/lib/libsunec.dylib

VM Arguments:
jvm_args: -XX:MaxPermSize=256m -XX:+HeapDumpOnOutOfMemoryError -Xmx1024m -Dfile.encoding=UTF-8 -Duser.country=CA -Duser.language=en -Duser.variant 
java_command: org.gradle.launcher.daemon.bootstrap.GradleDaemon 2.10
java_class_path (initial): /Volumes/Elements/APPS/Android Studio.app/Contents/gradle/gradle-2.10/lib/gradle-launcher-2.10.jar
Launcher Type: SUN_STANDARD

Environment Variables:
PATH=/usr/bin:/bin:/usr/sbin:/sbin
SHELL=/bin/bash

Signal Handlers:
SIGSEGV: [libjvm.dylib+0x5aa779], sa_mask[0]=11111111011111110111111111111111, sa_flags=SA_ONSTACK|SA_RESTART|SA_SIGINFO
SIGBUS: [libjvm.dylib+0x5aa779], sa_mask[0]=11111111011111110111111111111111, sa_flags=SA_RESTART|SA_SIGINFO
SIGFPE: [libjvm.dylib+0x4831d0], sa_mask[0]=11111111011111110111111111111111, sa_flags=SA_RESTART|SA_SIGINFO
SIGPIPE: [libjvm.dylib+0x4831d0], sa_mask[0]=11111111011111110111111111111111, sa_flags=SA_RESTART|SA_SIGINFO
SIGXFSZ: [libjvm.dylib+0x4831d0], sa_mask[0]=11111111011111110111111111111111, sa_flags=SA_RESTART|SA_SIGINFO
SIGILL: [libjvm.dylib+0x4831d0], sa_mask[0]=11111111011111110111111111111111, sa_flags=SA_RESTART|SA_SIGINFO
SIGUSR1: SIG_DFL, sa_mask[0]=00000000000000000000000000000000, sa_flags=none
SIGUSR2: [libjvm.dylib+0x482cee], sa_mask[0]=00100000000000000000000000000000, sa_flags=SA_RESTART|SA_SIGINFO
SIGHUP: [libjvm.dylib+0x4812c5], sa_mask[0]=11111111011111110111111111111111, sa_flags=SA_RESTART|SA_SIGINFO
SIGINT: [libjvm.dylib+0x4812c5], sa_mask[0]=11111111011111110111111111111111, sa_flags=SA_RESTART|SA_SIGINFO
SIGTERM: [libjvm.dylib+0x4812c5], sa_mask[0]=11111111011111110111111111111111, sa_flags=SA_RESTART|SA_SIGINFO
SIGQUIT: [libjvm.dylib+0x4812c5], sa_mask[0]=11111111011111110111111111111111, sa_flags=SA_RESTART|SA_SIGINFO


---------------  S Y S T E M  ---------------

OS:Bsduname:Darwin 16.0.0 Darwin Kernel Version 16.0.0: Mon Aug 29 17:56:20 PDT 2016; root:xnu-3789.1.32~3/RELEASE_X86_64 x86_64
rlimit: STACK 8192k, CORE 0k, NPROC 709, NOFILE 10240, AS infinity
load average:5.64 3.69 2.70

CPU:total 4 (2 cores per cpu, 2 threads per core) family 6 model 61 stepping 4, cmov, cx8, fxsr, mmx, sse, sse2, sse3, ssse3, sse4.1, sse4.2, popcnt, avx, avx2, aes, clmul, erms, 3dnowpref, lzcnt, ht, tsc, tscinvbit, bmi1, bmi2, adx

Memory: 4k page, physical 8388608k(564460k free)

/proc/meminfo:


vm_info: Java HotSpot(TM) 64-Bit Server VM (25.92-b14) for bsd-amd64 JRE (1.8.0_92-b14), built on Mar 31 2016 21:23:14 by "java_re" with gcc 4.2.1 (Based on Apple Inc. build 5658) (LLVM build 2336.11.00)

time: Fri Oct 14 15:23:40 2016
elapsed time: 22019 seconds (0d 6h 6m 59s)

